Using pre-set license
Built from '2021.3/staging' branch; Version is '2021.3.16f1 (4016570cf34f) revision 4200023'; Using compiler version '192829333'; Build Type 'Release'
OS: 'Windows 11  (10.0.22621) 64bit Professional' Language: 'en' Physical Memory: 24253 MB
BatchMode: 1, IsHumanControllingUs: 0, StartBugReporterOnCrash: 0, Is64bit: 1, IsPro: 1

COMMAND LINE ARGUMENTS:
C:\Program Files\Unity\Hub\Editor\2021.3.16f1\Editor\Unity.exe
-adb2
-batchMode
-noUpm
-name
AssetImportWorker0
-projectPath
C:/Users/astro/Github/Airspace/Airspace
-logFile
Logs/AssetImportWorker0.log
-srvPort
64081
Successfully changed project path to: C:/Users/astro/Github/Airspace/Airspace
C:/Users/astro/Github/Airspace/Airspace
[UnityMemory] Configuration Parameters - Can be set up in boot.config
    "memorysetup-bucket-allocator-granularity=16"
    "memorysetup-bucket-allocator-bucket-count=8"
    "memorysetup-bucket-allocator-block-size=33554432"
    "memorysetup-bucket-allocator-block-count=8"
    "memorysetup-main-allocator-block-size=16777216"
    "memorysetup-thread-allocator-block-size=16777216"
    "memorysetup-gfx-main-allocator-block-size=16777216"
    "memorysetup-gfx-thread-allocator-block-size=16777216"
    "memorysetup-cache-allocator-block-size=4194304"
    "memorysetup-typetree-allocator-block-size=2097152"
    "memorysetup-profiler-bucket-allocator-granularity=16"
    "memorysetup-profiler-bucket-allocator-bucket-count=8"
    "memorysetup-profiler-bucket-allocator-block-size=33554432"
    "memorysetup-profiler-bucket-allocator-block-count=8"
    "memorysetup-profiler-allocator-block-size=16777216"
    "memorysetup-profiler-editor-allocator-block-size=1048576"
    "memorysetup-temp-allocator-size-main=16777216"
    "memorysetup-job-temp-allocator-block-size=2097152"
    "memorysetup-job-temp-allocator-block-size-background=1048576"
    "memorysetup-job-temp-allocator-reduction-small-platforms=262144"
    "memorysetup-temp-allocator-size-background-worker=32768"
    "memorysetup-temp-allocator-size-job-worker=262144"
    "memorysetup-temp-allocator-size-preload-manager=33554432"
    "memorysetup-temp-allocator-size-nav-mesh-worker=65536"
    "memorysetup-temp-allocator-size-audio-worker=65536"
    "memorysetup-temp-allocator-size-cloud-worker=32768"
    "memorysetup-temp-allocator-size-gi-baking-worker=262144"
    "memorysetup-temp-allocator-size-gfx=262144"
Player connection [3952] Host "[IP] 192.168.56.1 [Port] 0 [Flags] 2 [Guid] 2782410455 [EditorId] 2782410455 [Version] 1048832 [Id] WindowsEditor(7,Titan) [Debug] 1 [PackageName] WindowsEditor [ProjectName] Editor" joined multi-casting on [225.0.0.222:54997]...

Player connection [3952] Host "[IP] 192.168.56.1 [Port] 0 [Flags] 2 [Guid] 2782410455 [EditorId] 2782410455 [Version] 1048832 [Id] WindowsEditor(7,Titan) [Debug] 1 [PackageName] WindowsEditor [ProjectName] Editor" joined alternative multi-casting on [225.0.0.222:34997]...

Refreshing native plugins compatible for Editor in 257.48 ms, found 3 plugins.
Preloading 0 native plugins for Editor in 0.00 ms.
Initialize engine version: 2021.3.16f1 (4016570cf34f)
[Subsystems] Discovering subsystems at path C:/Program Files/Unity/Hub/Editor/2021.3.16f1/Editor/Data/Resources/UnitySubsystems
[Subsystems] Discovering subsystems at path C:/Users/astro/Github/Airspace/Airspace/Assets
GfxDevice: creating device client; threaded=0; jobified=0
Direct3D:
    Version:  Direct3D 11.0 [level 11.1]
    Renderer: NVIDIA GeForce RTX 3060 Laptop GPU (ID=0x2520)
    Vendor:   NVIDIA
    VRAM:     6009 MB
    Driver:   31.0.15.2756
Initialize mono
Mono path[0] = 'C:/Program Files/Unity/Hub/Editor/2021.3.16f1/Editor/Data/Managed'
Mono path[1] = 'C:/Program Files/Unity/Hub/Editor/2021.3.16f1/Editor/Data/MonoBleedingEdge/lib/mono/unityjit-win32'
Mono config path = 'C:/Program Files/Unity/Hub/Editor/2021.3.16f1/Editor/Data/MonoBleedingEdge/etc'
Using monoOptions --debugger-agent=transport=dt_socket,embedding=1,server=y,suspend=n,address=127.0.0.1:56240
Begin MonoManager ReloadAssembly
Registering precompiled unity dll's ...
Register platform support module: C:/Program Files/Unity/Hub/Editor/2021.3.16f1/Editor/Data/PlaybackEngines/WebGLSupport/UnityEditor.WebGL.Extensions.dll
Register platform support module: C:/Program Files/Unity/Hub/Editor/2021.3.16f1/Editor/Data/PlaybackEngines/MacStandaloneSupport/UnityEditor.OSXStandalone.Extensions.dll
Register platform support module: C:/Program Files/Unity/Hub/Editor/2021.3.16f1/Editor/Data/PlaybackEngines/AndroidPlayer/UnityEditor.Android.Extensions.dll
Register platform support module: C:/Program Files/Unity/Hub/Editor/2021.3.16f1/Editor/Data/PlaybackEngines/iOSSupport/UnityEditor.iOS.Extensions.dll
Register platform support module: C:/Program Files/Unity/Hub/Editor/2021.3.16f1/Editor/Data/PlaybackEngines/AppleTVSupport/UnityEditor.AppleTV.Extensions.dll
Register platform support module: C:/Program Files/Unity/Hub/Editor/2021.3.16f1/Editor/Data/PlaybackEngines/WindowsStandaloneSupport/UnityEditor.WindowsStandalone.Extensions.dll
Register platform support module: C:/Program Files/Unity/Hub/Editor/2021.3.16f1/Editor/Data/PlaybackEngines/LinuxStandaloneSupport/UnityEditor.LinuxStandalone.Extensions.dll
Register platform support module: C:/Program Files/Unity/Hub/Editor/2021.3.16f1/Editor/Data/PlaybackEngines/MetroSupport/UnityEditor.UWP.Extensions.dll
Registered in 0.014946 seconds.
Native extension for UWP target not found
Native extension for LinuxStandalone target not found
Native extension for WindowsStandalone target not found
[usbmuxd] Start listen thread
[usbmuxd] Listen thread started
Native extension for AppleTV target not found
[usbmuxd] Start listen thread
[usbmuxd] Listen thread started
Native extension for iOS target not found
Native extension for Android target not found
Native extension for OSXStandalone target not found
Native extension for WebGL target not found
Refreshing native plugins compatible for Editor in 222.72 ms, found 3 plugins.
Preloading 0 native plugins for Editor in 0.00 ms.
Mono: successfully reloaded assembly
- Completed reload, in  1.133 seconds
Domain Reload Profiling:
	ReloadAssembly (1133ms)
		BeginReloadAssembly (107ms)
			ExecutionOrderSort (0ms)
			DisableScriptedObjects (0ms)
			BackupInstance (0ms)
			ReleaseScriptingObjects (0ms)
			CreateAndSetChildDomain (2ms)
		EndReloadAssembly (859ms)
			LoadAssemblies (104ms)
			RebuildTransferFunctionScriptingTraits (0ms)
			SetupTypeCache (183ms)
			ReleaseScriptCaches (0ms)
			RebuildScriptCaches (42ms)
			SetupLoadedEditorAssemblies (553ms)
				LogAssemblyErrors (0ms)
				InitializePlatformSupportModulesInManaged (106ms)
				SetLoadedEditorAssemblies (0ms)
				RefreshPlugins (224ms)
				BeforeProcessingInitializeOnLoad (2ms)
				ProcessInitializeOnLoadAttributes (140ms)
				ProcessInitializeOnLoadMethodAttributes (80ms)
				AfterProcessingInitializeOnLoad (0ms)
				EditorAssembliesLoaded (0ms)
			ExecutionOrderSort2 (0ms)
			AwakeInstancesAfterBackupRestoration (0ms)
Platform modules already initialized, skipping
Registering precompiled user dll's ...
Registered in 0.011964 seconds.
Begin MonoManager ReloadAssembly
Symbol file LoadedFromMemory doesn't match image C:\Users\astro\Github\Airspace\Airspace\Library\PackageCache\com.unity.visualscripting@1.7.8\Editor\VisualScripting.Core\Dependencies\YamlDotNet\Unity.VisualScripting.YamlDotNet.dll
Symbol file LoadedFromMemory doesn't match image C:\Users\astro\Github\Airspace\Airspace\Library\PackageCache\com.unity.visualscripting@1.7.8\Editor\VisualScripting.Core\Dependencies\DotNetZip\Unity.VisualScripting.IonicZip.dll
Native extension for UWP target not found
Native extension for LinuxStandalone target not found
Native extension for WindowsStandalone target not found
Native extension for AppleTV target not found
Native extension for iOS target not found
Native extension for Android target not found
Native extension for OSXStandalone target not found
Native extension for WebGL target not found
Refreshing native plugins compatible for Editor in 241.81 ms, found 3 plugins.
Preloading 0 native plugins for Editor in 0.00 ms.
Mono: successfully reloaded assembly
- Completed reload, in  4.204 seconds
Domain Reload Profiling:
	ReloadAssembly (4206ms)
		BeginReloadAssembly (281ms)
			ExecutionOrderSort (0ms)
			DisableScriptedObjects (11ms)
			BackupInstance (0ms)
			ReleaseScriptingObjects (0ms)
			CreateAndSetChildDomain (143ms)
		EndReloadAssembly (3741ms)
			LoadAssemblies (153ms)
			RebuildTransferFunctionScriptingTraits (0ms)
			SetupTypeCache (611ms)
			ReleaseScriptCaches (2ms)
			RebuildScriptCaches (151ms)
			SetupLoadedEditorAssemblies (2741ms)
				LogAssemblyErrors (0ms)
				InitializePlatformSupportModulesInManaged (51ms)
				SetLoadedEditorAssemblies (0ms)
				RefreshPlugins (242ms)
				BeforeProcessingInitializeOnLoad (217ms)
				ProcessInitializeOnLoadAttributes (665ms)
				ProcessInitializeOnLoadMethodAttributes (1558ms)
				AfterProcessingInitializeOnLoad (7ms)
				EditorAssembliesLoaded (1ms)
			ExecutionOrderSort2 (0ms)
			AwakeInstancesAfterBackupRestoration (7ms)
Platform modules already initialized, skipping
========================================================================
Worker process is ready to serve import requests
Launched and connected shader compiler UnityShaderCompiler.exe after 0.09 seconds
Refreshing native plugins compatible for Editor in 6.73 ms, found 3 plugins.
Preloading 0 native plugins for Editor in 0.00 ms.
Unloading 6627 Unused Serialized files (Serialized files now loaded: 0)
Unloading 86 unused Assets / (5.0 MB). Loaded Objects now: 7081.
Memory consumption went from 335.7 MB to 330.7 MB.
Total: 12.979000 ms (FindLiveObjects: 1.083300 ms CreateObjectMapping: 0.882800 ms MarkObjects: 9.022500 ms  DeleteObjects: 1.988100 ms)

AssetImportParameters requested are different than current active one (requested -> active):
  custom:video-decoder-ogg-theora: a1e56fd34408186e4bbccfd4996cb3dc -> 
  custom:container-muxer-webm: aa71ff27fc2769a1b78a27578f13a17b -> 
  custom:container-demuxer-webm: 4f35f7cbe854078d1ac9338744f61a02 -> 
  custom:video-encoder-webm-vp8: eb34c28f22e8b96e1ab97ce403110664 -> 
  custom:video-codec-MediaFoundation-h265: 746d11721c4dcdbdad8f713fa42b33f4 -> 
  custom:audio-encoder-webm-vorbis: bf7c407c2cedff20999df2af8eb42d56 -> 
  custom:framework-win-MediaFoundation: 216162199b28c13a410421893ffa2e32 -> 
  custom:container-demuxer-ogg: 62fdf1f143b41e24485cea50d1cbac27 -> 
  custom:video-decoder-webm-vp8: 9c59270c3fd7afecdb556c50c9e8de78 -> 
  custom:audio-decoder-ogg-vorbis: bf7c407c2cedff20999df2af8eb42d56 -> 
========================================================================
Received Import Request.
  Time since last request: 351054.170608 seconds.
  path: Assets/TerrainDemoScene_HDRP/Prefabs
  artifactKey: Guid(96d928f51cac350499225a93778e20cf) Importer(815301076,1909f56bfc062723c751e8b465ee728b)
Start importing Assets/TerrainDemoScene_HDRP/Prefabs using Guid(96d928f51cac350499225a93778e20cf) Importer(815301076,1909f56bfc062723c751e8b465ee728b)  -> (artifact id: '753aec209b157a76dc13fe1d3279e157') in 0.037813 seconds 
========================================================================
Received Import Request.
  Time since last request: 0.000065 seconds.
  path: Assets/TerrainDemoScene_HDRP/Prefabs/Foliage/Red_Bush/Models/Red_Bush.fbx
  artifactKey: Guid(5e76989194570e246acc05a8d2697af2) Importer(815301076,1909f56bfc062723c751e8b465ee728b)
Start importing Assets/TerrainDemoScene_HDRP/Prefabs/Foliage/Red_Bush/Models/Red_Bush.fbx using Guid(5e76989194570e246acc05a8d2697af2) Importer(815301076,1909f56bfc062723c751e8b465ee728b)  -> (artifact id: '5fab0802c46f2a521aab8c317b5802e1') in 2.414778 seconds 
========================================================================
Received Import Request.
  Time since last request: 0.000062 seconds.
  path: Assets/TerrainDemoScene_HDRP/Prefabs/Foliage/Red_Bush/Models
  artifactKey: Guid(3de881e240760604f9d0ac80cd64e138) Importer(815301076,1909f56bfc062723c751e8b465ee728b)
Start importing Assets/TerrainDemoScene_HDRP/Prefabs/Foliage/Red_Bush/Models using Guid(3de881e240760604f9d0ac80cd64e138) Importer(815301076,1909f56bfc062723c751e8b465ee728b)  -> (artifact id: 'c0a7d72e7c8ce7ae4679fa690f056227') in 0.009886 seconds 
========================================================================
Received Import Request.
  Time since last request: 0.000102 seconds.
  path: Assets/TerrainDemoScene_HDRP/Prefabs/Foliage
  artifactKey: Guid(712f415bdf93a7f4f8034d8d9fe0174f) Importer(815301076,1909f56bfc062723c751e8b465ee728b)
Start importing Assets/TerrainDemoScene_HDRP/Prefabs/Foliage using Guid(712f415bdf93a7f4f8034d8d9fe0174f) Importer(815301076,1909f56bfc062723c751e8b465ee728b)  -> (artifact id: '701f46960eaea89ae88d737d013121df') in 0.012287 seconds 
========================================================================
Received Prepare
Registering precompiled user dll's ...
Registered in 0.006762 seconds.
Begin MonoManager ReloadAssembly
Symbol file LoadedFromMemory doesn't match image C:\Users\astro\Github\Airspace\Airspace\Library\PackageCache\com.unity.visualscripting@1.7.8\Editor\VisualScripting.Core\Dependencies\YamlDotNet\Unity.VisualScripting.YamlDotNet.dll
Symbol file LoadedFromMemory doesn't match image C:\Users\astro\Github\Airspace\Airspace\Library\PackageCache\com.unity.visualscripting@1.7.8\Editor\VisualScripting.Core\Dependencies\DotNetZip\Unity.VisualScripting.IonicZip.dll
Native extension for UWP target not found
Native extension for LinuxStandalone target not found
Native extension for WindowsStandalone target not found
Native extension for AppleTV target not found
Native extension for iOS target not found
Native extension for Android target not found
Native extension for OSXStandalone target not found
Native extension for WebGL target not found
Refreshing native plugins compatible for Editor in 2.12 ms, found 3 plugins.
Preloading 0 native plugins for Editor in 0.00 ms.
Mono: successfully reloaded assembly
- Completed reload, in  2.099 seconds
Domain Reload Profiling:
	ReloadAssembly (2101ms)
		BeginReloadAssembly (227ms)
			ExecutionOrderSort (0ms)
			DisableScriptedObjects (37ms)
			BackupInstance (0ms)
			ReleaseScriptingObjects (0ms)
			CreateAndSetChildDomain (84ms)
		EndReloadAssembly (1758ms)
			LoadAssemblies (98ms)
			RebuildTransferFunctionScriptingTraits (0ms)
			SetupTypeCache (519ms)
			ReleaseScriptCaches (5ms)
			RebuildScriptCaches (96ms)
			SetupLoadedEditorAssemblies (801ms)
				LogAssemblyErrors (0ms)
				InitializePlatformSupportModulesInManaged (42ms)
				SetLoadedEditorAssemblies (1ms)
				RefreshPlugins (2ms)
				BeforeProcessingInitializeOnLoad (105ms)
				ProcessInitializeOnLoadAttributes (551ms)
				ProcessInitializeOnLoadMethodAttributes (88ms)
				AfterProcessingInitializeOnLoad (10ms)
				EditorAssembliesLoaded (1ms)
			ExecutionOrderSort2 (0ms)
			AwakeInstancesAfterBackupRestoration (104ms)
Platform modules already initialized, skipping
Refreshing native plugins compatible for Editor in 2.86 ms, found 3 plugins.
Preloading 0 native plugins for Editor in 0.00 ms.
Unloading 6254 Unused Serialized files (Serialized files now loaded: 0)
Unloading 57 unused Assets / (4.9 MB). Loaded Objects now: 7219.
Memory consumption went from 320.9 MB to 315.9 MB.
Total: 5.803100 ms (FindLiveObjects: 0.861800 ms CreateObjectMapping: 0.614400 ms MarkObjects: 3.342200 ms  DeleteObjects: 0.983300 ms)

AssetImportParameters requested are different than current active one (requested -> active):
  custom:video-decoder-ogg-theora: a1e56fd34408186e4bbccfd4996cb3dc -> 
  custom:container-muxer-webm: aa71ff27fc2769a1b78a27578f13a17b -> 
  custom:container-demuxer-webm: 4f35f7cbe854078d1ac9338744f61a02 -> 
  custom:video-encoder-webm-vp8: eb34c28f22e8b96e1ab97ce403110664 -> 
  custom:video-codec-MediaFoundation-h265: 746d11721c4dcdbdad8f713fa42b33f4 -> 
  custom:audio-encoder-webm-vorbis: bf7c407c2cedff20999df2af8eb42d56 -> 
  custom:framework-win-MediaFoundation: 216162199b28c13a410421893ffa2e32 -> 
  custom:container-demuxer-ogg: 62fdf1f143b41e24485cea50d1cbac27 -> 
  custom:video-decoder-webm-vp8: 9c59270c3fd7afecdb556c50c9e8de78 -> 
  custom:audio-decoder-ogg-vorbis: bf7c407c2cedff20999df2af8eb42d56 -> 
========================================================================
Received Prepare
Registering precompiled user dll's ...
Registered in 0.007742 seconds.
Begin MonoManager ReloadAssembly
Symbol file LoadedFromMemory doesn't match image C:\Users\astro\Github\Airspace\Airspace\Library\PackageCache\com.unity.visualscripting@1.7.8\Editor\VisualScripting.Core\Dependencies\YamlDotNet\Unity.VisualScripting.YamlDotNet.dll
Symbol file LoadedFromMemory doesn't match image C:\Users\astro\Github\Airspace\Airspace\Library\PackageCache\com.unity.visualscripting@1.7.8\Editor\VisualScripting.Core\Dependencies\DotNetZip\Unity.VisualScripting.IonicZip.dll
Native extension for UWP target not found
Native extension for LinuxStandalone target not found
Native extension for WindowsStandalone target not found
Native extension for AppleTV target not found
Native extension for iOS target not found
Native extension for Android target not found
Native extension for OSXStandalone target not found
Native extension for WebGL target not found
Refreshing native plugins compatible for Editor in 4.16 ms, found 3 plugins.
Preloading 0 native plugins for Editor in 0.00 ms.
Mono: successfully reloaded assembly
- Completed reload, in  3.046 seconds
Domain Reload Profiling:
	ReloadAssembly (3047ms)
		BeginReloadAssembly (156ms)
			ExecutionOrderSort (0ms)
			DisableScriptedObjects (6ms)
			BackupInstance (0ms)
			ReleaseScriptingObjects (0ms)
			CreateAndSetChildDomain (52ms)
		EndReloadAssembly (2763ms)
			LoadAssemblies (130ms)
			RebuildTransferFunctionScriptingTraits (0ms)
			SetupTypeCache (777ms)
			ReleaseScriptCaches (11ms)
			RebuildScriptCaches (204ms)
			SetupLoadedEditorAssemblies (1260ms)
				LogAssemblyErrors (0ms)
				InitializePlatformSupportModulesInManaged (74ms)
				SetLoadedEditorAssemblies (1ms)
				RefreshPlugins (4ms)
				BeforeProcessingInitializeOnLoad (236ms)
				ProcessInitializeOnLoadAttributes (895ms)
				ProcessInitializeOnLoadMethodAttributes (43ms)
				AfterProcessingInitializeOnLoad (6ms)
				EditorAssembliesLoaded (0ms)
			ExecutionOrderSort2 (0ms)
			AwakeInstancesAfterBackupRestoration (43ms)
Platform modules already initialized, skipping
Refreshing native plugins compatible for Editor in 2.83 ms, found 3 plugins.
Preloading 0 native plugins for Editor in 0.00 ms.
Unloading 6252 Unused Serialized files (Serialized files now loaded: 0)
Unloading 67 unused Assets / (4.9 MB). Loaded Objects now: 7224.
Memory consumption went from 319.1 MB to 314.1 MB.
Total: 5.379300 ms (FindLiveObjects: 0.630300 ms CreateObjectMapping: 0.542200 ms MarkObjects: 3.148900 ms  DeleteObjects: 1.055600 ms)

AssetImportParameters requested are different than current active one (requested -> active):
  custom:video-decoder-ogg-theora: a1e56fd34408186e4bbccfd4996cb3dc -> 
  custom:container-muxer-webm: aa71ff27fc2769a1b78a27578f13a17b -> 
  custom:container-demuxer-webm: 4f35f7cbe854078d1ac9338744f61a02 -> 
  custom:video-encoder-webm-vp8: eb34c28f22e8b96e1ab97ce403110664 -> 
  custom:video-codec-MediaFoundation-h265: 746d11721c4dcdbdad8f713fa42b33f4 -> 
  custom:audio-encoder-webm-vorbis: bf7c407c2cedff20999df2af8eb42d56 -> 
  custom:framework-win-MediaFoundation: 216162199b28c13a410421893ffa2e32 -> 
  custom:container-demuxer-ogg: 62fdf1f143b41e24485cea50d1cbac27 -> 
  custom:video-decoder-webm-vp8: 9c59270c3fd7afecdb556c50c9e8de78 -> 
  custom:audio-decoder-ogg-vorbis: bf7c407c2cedff20999df2af8eb42d56 -> 
========================================================================
Received Import Request.
  Time since last request: 2211.880926 seconds.
  path: Assets/_Bad_Raccoon
  artifactKey: Guid(953267e408d94784990825fca04963bd) Importer(815301076,1909f56bfc062723c751e8b465ee728b)
Start importing Assets/_Bad_Raccoon using Guid(953267e408d94784990825fca04963bd) Importer(815301076,1909f56bfc062723c751e8b465ee728b)  -> (artifact id: 'e3ee6d9a5a20ec95acabac39a20b1e9b') in 0.032253 seconds 
========================================================================
Received Import Request.
  Time since last request: 0.705375 seconds.
  path: Assets/_Bad_Raccoon/_3D Realistic Terrain Free
  artifactKey: Guid(6b0f06bdcb65608489784d1d79eb6506) Importer(815301076,1909f56bfc062723c751e8b465ee728b)
Start importing Assets/_Bad_Raccoon/_3D Realistic Terrain Free using Guid(6b0f06bdcb65608489784d1d79eb6506) Importer(815301076,1909f56bfc062723c751e8b465ee728b)  -> (artifact id: 'fdcfedc858c2113b9aec9edd0af34676') in 0.007889 seconds 
========================================================================
Received Import Request.
  Time since last request: 1.327711 seconds.
  path: Assets/_Bad_Raccoon/_3D Realistic Terrain Free/Terrains
  artifactKey: Guid(f4e8e434242591b43bae295c8f9dbec5) Importer(815301076,1909f56bfc062723c751e8b465ee728b)
Start importing Assets/_Bad_Raccoon/_3D Realistic Terrain Free/Terrains using Guid(f4e8e434242591b43bae295c8f9dbec5) Importer(815301076,1909f56bfc062723c751e8b465ee728b)  -> (artifact id: '493a6ff425d249d610f3f5e79ca713a5') in 0.008694 seconds 
========================================================================
Received Import Request.
  Time since last request: 0.011910 seconds.
  path: Assets/_Bad_Raccoon/_3D Realistic Terrain Free/Terrains/Terrain_A.asset
  artifactKey: Guid(23d26b86ae9aa7042832be147d4e4f83) Importer(815301076,1909f56bfc062723c751e8b465ee728b)
Start importing Assets/_Bad_Raccoon/_3D Realistic Terrain Free/Terrains/Terrain_A.asset using Guid(23d26b86ae9aa7042832be147d4e4f83) Importer(815301076,1909f56bfc062723c751e8b465ee728b)  -> (artifact id: '7b32972f5c13255798323c2d5ccffe80') in 0.318599 seconds 
========================================================================
Received Import Request.
  Time since last request: 0.000051 seconds.
  path: Assets/_Bad_Raccoon/_3D Realistic Terrain Free/Terrains/Terrain_A.prefab
  artifactKey: Guid(80a25b3596c79c3469cefdec12b31546) Importer(815301076,1909f56bfc062723c751e8b465ee728b)
Start importing Assets/_Bad_Raccoon/_3D Realistic Terrain Free/Terrains/Terrain_A.prefab using Guid(80a25b3596c79c3469cefdec12b31546) Importer(815301076,1909f56bfc062723c751e8b465ee728b)  -> (artifact id: '6d1b005bbff4e0bf0541dfd5c63e919c') in 0.015085 seconds 
========================================================================
Received Import Request.
  Time since last request: 0.000050 seconds.
  path: Assets/_Bad_Raccoon/_3D Realistic Terrain Free/Terrains/Terrain_Diffuse.terrainlayer
  artifactKey: Guid(137d633620436354481d24463efb3deb) Importer(815301076,1909f56bfc062723c751e8b465ee728b)
Start importing Assets/_Bad_Raccoon/_3D Realistic Terrain Free/Terrains/Terrain_Diffuse.terrainlayer using Guid(137d633620436354481d24463efb3deb) Importer(815301076,1909f56bfc062723c751e8b465ee728b)  -> (artifact id: '304994c6b16053b0f647aa91b0179c0b') in 0.245819 seconds 
========================================================================
Received Import Request.
  Time since last request: 3.738468 seconds.
  path: Assets/_Bad_Raccoon/_3D Realistic Terrain Free/Example_01
  artifactKey: Guid(b2b53254b8d62664abc43d7861467de4) Importer(815301076,1909f56bfc062723c751e8b465ee728b)
Start importing Assets/_Bad_Raccoon/_3D Realistic Terrain Free/Example_01 using Guid(b2b53254b8d62664abc43d7861467de4) Importer(815301076,1909f56bfc062723c751e8b465ee728b)  -> (artifact id: 'dc3e0d5305a3cbf0c991b2f39411246a') in 0.008426 seconds 
========================================================================
Received Import Request.
  Time since last request: 0.061040 seconds.
  path: Assets/_Bad_Raccoon/_3D Realistic Terrain Free/Example_01/LightingData.asset
  artifactKey: Guid(6f93540415d98e246bc508281cdacc30) Importer(815301076,1909f56bfc062723c751e8b465ee728b)
Start importing Assets/_Bad_Raccoon/_3D Realistic Terrain Free/Example_01/LightingData.asset using Guid(6f93540415d98e246bc508281cdacc30) Importer(815301076,1909f56bfc062723c751e8b465ee728b)  -> (artifact id: '96a73a6233864e901db0b39f00861805') in 0.010252 seconds 
========================================================================
Received Import Request.
  Time since last request: 1.876108 seconds.
  path: Assets/_Bad_Raccoon/_3D Realistic Terrain Free/Prefabs
  artifactKey: Guid(e739ed69ceea7534c8815f6a9862a035) Importer(815301076,1909f56bfc062723c751e8b465ee728b)
Start importing Assets/_Bad_Raccoon/_3D Realistic Terrain Free/Prefabs using Guid(e739ed69ceea7534c8815f6a9862a035) Importer(815301076,1909f56bfc062723c751e8b465ee728b)  -> (artifact id: '93c13c7fa775ef96856f0e958d3590a0') in 0.002780 seconds 
========================================================================
Received Import Request.
  Time since last request: 0.067231 seconds.
  path: Assets/_Bad_Raccoon/_3D Realistic Terrain Free/Prefabs/Particle_Cloud_Atmos_A.prefab
  artifactKey: Guid(66f7129f685bccb4082b66a0cc4c3c99) Importer(815301076,1909f56bfc062723c751e8b465ee728b)
Start importing Assets/_Bad_Raccoon/_3D Realistic Terrain Free/Prefabs/Particle_Cloud_Atmos_A.prefab using Guid(66f7129f685bccb4082b66a0cc4c3c99) Importer(815301076,1909f56bfc062723c751e8b465ee728b)  -> (artifact id: '4ebf023a7fa7dfcb94eb7dcfa9fa2376') in 0.934222 seconds 
========================================================================
Received Import Request.
  Time since last request: 120.122698 seconds.
  path: Assets/_Bad_Raccoon/_3D Realistic Terrain Free/Terrains/Terrain_A_DetailMap.png
  artifactKey: Guid(fdde7141d328aab44b28d4b755cb8529) Importer(815301076,1909f56bfc062723c751e8b465ee728b)
Start importing Assets/_Bad_Raccoon/_3D Realistic Terrain Free/Terrains/Terrain_A_DetailMap.png using Guid(fdde7141d328aab44b28d4b755cb8529) Importer(815301076,1909f56bfc062723c751e8b465ee728b)  -> (artifact id: '70245c8be24010b4a2c861462e52af5a') in 0.026172 seconds 
========================================================================
Received Import Request.
  Time since last request: 14.521452 seconds.
  path: Assets/_Bad_Raccoon/_3D Realistic Terrain Free/Terrains/Heightmap_2K_A.raw
  artifactKey: Guid(e42b5fc524ab9804483b213875c582b0) Importer(815301076,1909f56bfc062723c751e8b465ee728b)
Start importing Assets/_Bad_Raccoon/_3D Realistic Terrain Free/Terrains/Heightmap_2K_A.raw using Guid(e42b5fc524ab9804483b213875c582b0) Importer(815301076,1909f56bfc062723c751e8b465ee728b)  -> (artifact id: 'f8a01838307fecee2504d5ce8ffed1a0') in 0.012413 seconds 
========================================================================
Received Import Request.
  Time since last request: 29.283818 seconds.
  path: Assets/_Bad_Raccoon/_3D Realistic Terrain Free/Textures/Diffuse_8K_Flat_A.png
  artifactKey: Guid(61cd40e5a441efb4e8e848d1633a38ae) Importer(815301076,1909f56bfc062723c751e8b465ee728b)
Start importing Assets/_Bad_Raccoon/_3D Realistic Terrain Free/Textures/Diffuse_8K_Flat_A.png using Guid(61cd40e5a441efb4e8e848d1633a38ae) Importer(815301076,1909f56bfc062723c751e8b465ee728b)  -> (artifact id: 'c03a50ce0c4490f65f36283bca96f73c') in 0.249064 seconds 
========================================================================
Received Import Request.
  Time since last request: 67.554702 seconds.
  path: Assets/New Terrain.asset
  artifactKey: Guid(64eb30ffc4f04f340b0e1a16ba917716) Importer(815301076,1909f56bfc062723c751e8b465ee728b)
Start importing Assets/New Terrain.asset using Guid(64eb30ffc4f04f340b0e1a16ba917716) Importer(815301076,1909f56bfc062723c751e8b465ee728b)  -> (artifact id: '2413ff9141112e4727c59d41445307dc') in 0.036732 seconds 
========================================================================
Received Import Request.
  Time since last request: 903.593093 seconds.
  path: Assets/NatureManufacture Assets
  artifactKey: Guid(5bb734de9f5339947884a6bbf797e772) Importer(815301076,1909f56bfc062723c751e8b465ee728b)
Start importing Assets/NatureManufacture Assets using Guid(5bb734de9f5339947884a6bbf797e772) Importer(815301076,1909f56bfc062723c751e8b465ee728b)  -> (artifact id: 'a953c05e06adae561ea627c8879468e7') in 0.008838 seconds 
========================================================================
Received Import Request.
  Time since last request: 1.040946 seconds.
  path: Assets/NatureManufacture Assets/Winter Background Mountains
  artifactKey: Guid(961d9f2759a57e14dbf17aa401b252c2) Importer(815301076,1909f56bfc062723c751e8b465ee728b)
Start importing Assets/NatureManufacture Assets/Winter Background Mountains using Guid(961d9f2759a57e14dbf17aa401b252c2) Importer(815301076,1909f56bfc062723c751e8b465ee728b)  -> (artifact id: '77ff62344a7eeb07a24a790571541e33') in 0.008160 seconds 
========================================================================
Received Import Request.
  Time since last request: 2.128689 seconds.
  path: Assets/NatureManufacture Assets/Winter Background Mountains/Winter Mountains Demo.unity
  artifactKey: Guid(89a820ba874076c4ba73fe28b9afd038) Importer(815301076,1909f56bfc062723c751e8b465ee728b)
Start importing Assets/NatureManufacture Assets/Winter Background Mountains/Winter Mountains Demo.unity using Guid(89a820ba874076c4ba73fe28b9afd038) Importer(815301076,1909f56bfc062723c751e8b465ee728b)  -> (artifact id: '3211f34be52e3baa318b5da1ed69c27a') in 0.008226 seconds 
========================================================================
Received Import Request.
  Time since last request: 204.734089 seconds.
  path: Assets/OutdoorsScene.unity
  artifactKey: Guid(8124e5870f4fd4c779e7a5f994e84ad1) Importer(815301076,1909f56bfc062723c751e8b465ee728b)
Start importing Assets/OutdoorsScene.unity using Guid(8124e5870f4fd4c779e7a5f994e84ad1) Importer(815301076,1909f56bfc062723c751e8b465ee728b)  -> (artifact id: '5a2a947a6481e7370dc82ee0ffb8b51a') in 0.005999 seconds 
========================================================================
Received Import Request.
  Time since last request: 397.882952 seconds.
  path: Assets/NatureManufacture Assets/Winter Background Mountains/Models
  artifactKey: Guid(da676c06a2eb5304e9d4ea994325c624) Importer(815301076,1909f56bfc062723c751e8b465ee728b)
Start importing Assets/NatureManufacture Assets/Winter Background Mountains/Models using Guid(da676c06a2eb5304e9d4ea994325c624) Importer(815301076,1909f56bfc062723c751e8b465ee728b)  -> (artifact id: '52c836e32d12807a7e5c62573a61d44a') in 0.007998 seconds 
========================================================================
Received Import Request.
  Time since last request: 2.675327 seconds.
  path: Assets/NatureManufacture Assets/Winter Background Mountains/Winter Mountains Demo
  artifactKey: Guid(bbcdb7e3e4edca941ab35e736595974f) Importer(815301076,1909f56bfc062723c751e8b465ee728b)
Start importing Assets/NatureManufacture Assets/Winter Background Mountains/Winter Mountains Demo using Guid(bbcdb7e3e4edca941ab35e736595974f) Importer(815301076,1909f56bfc062723c751e8b465ee728b)  -> (artifact id: '36b5ca1a30bab157dcf3c5c8edf0d6bc') in 0.008204 seconds 
========================================================================
Received Import Request.
  Time since last request: 0.062049 seconds.
  path: Assets/NatureManufacture Assets/Winter Background Mountains/Winter Mountains Demo/LightingData.asset
  artifactKey: Guid(cf68995f2fa22ef4eb5f9f7aa4b5174e) Importer(815301076,1909f56bfc062723c751e8b465ee728b)
Start importing Assets/NatureManufacture Assets/Winter Background Mountains/Winter Mountains Demo/LightingData.asset using Guid(cf68995f2fa22ef4eb5f9f7aa4b5174e) Importer(815301076,1909f56bfc062723c751e8b465ee728b) Lighting data asset ‘LightingData’ is incompatible with the current Unity version. Please use Generate Lighting to rebuild the lighting data. Realtime Global Illumination cannot be used until the lighting data is rebuilt.
 -> (artifact id: 'c4c03b8e4472051741b558b672ba969f') in 0.005084 seconds 
========================================================================
Received Import Request.
  Time since last request: 1.848563 seconds.
  path: Assets/NatureManufacture Assets/Winter Background Mountains/Winter Mountains  Overview
  artifactKey: Guid(392bb5be8e0dfb24dbfd1572dd479a35) Importer(815301076,1909f56bfc062723c751e8b465ee728b)
Start importing Assets/NatureManufacture Assets/Winter Background Mountains/Winter Mountains  Overview using Guid(392bb5be8e0dfb24dbfd1572dd479a35) Importer(815301076,1909f56bfc062723c751e8b465ee728b)  -> (artifact id: '08bf3df13e1e114f497902f7fe6c0e0f') in 0.009021 seconds 
========================================================================
Received Import Request.
  Time since last request: 0.010976 seconds.
  path: Assets/NatureManufacture Assets/Winter Background Mountains/Winter Mountains  Overview/LightingData.asset
  artifactKey: Guid(b73cfa0a14c1762449215bb8b2fa4bda) Importer(815301076,1909f56bfc062723c751e8b465ee728b)
Start importing Assets/NatureManufacture Assets/Winter Background Mountains/Winter Mountains  Overview/LightingData.asset using Guid(b73cfa0a14c1762449215bb8b2fa4bda) Importer(815301076,1909f56bfc062723c751e8b465ee728b) Lighting data asset ‘LightingData’ is incompatible with the current Unity version. Please use Generate Lighting to rebuild the lighting data. Realtime Global Illumination cannot be used until the lighting data is rebuilt.
 -> (artifact id: '3618cfc25f58cc7b6970efdff15b4c01') in 0.003868 seconds 
========================================================================
Received Import Request.
  Time since last request: 1.599729 seconds.
  path: Assets/NatureManufacture Assets/Winter Background Mountains/Stamps Unity Terrain 2018.3
  artifactKey: Guid(c6773f82ad8242b4caa8ea8c7ed84937) Importer(815301076,1909f56bfc062723c751e8b465ee728b)
Start importing Assets/NatureManufacture Assets/Winter Background Mountains/Stamps Unity Terrain 2018.3 using Guid(c6773f82ad8242b4caa8ea8c7ed84937) Importer(815301076,1909f56bfc062723c751e8b465ee728b)  -> (artifact id: 'fbbb51626a036db54462f26353a855ff') in 0.008438 seconds 
========================================================================
Received Import Request.
  Time since last request: 0.011211 seconds.
  path: Assets/NatureManufacture Assets/Winter Background Mountains/Stamps Unity Terrain 2018.3/NM_Hill_1.png
  artifactKey: Guid(8f0cd9d84db7f164fa941cccfd720636) Importer(815301076,1909f56bfc062723c751e8b465ee728b)
Start importing Assets/NatureManufacture Assets/Winter Background Mountains/Stamps Unity Terrain 2018.3/NM_Hill_1.png using Guid(8f0cd9d84db7f164fa941cccfd720636) Importer(815301076,1909f56bfc062723c751e8b465ee728b)  -> (artifact id: '8d3c349481bf59a5e770f5deffe4a852') in 0.031450 seconds 
========================================================================
Received Import Request.
  Time since last request: 0.000048 seconds.
  path: Assets/NatureManufacture Assets/Winter Background Mountains/Stamps Unity Terrain 2018.3/NM_Mountain_5.png
  artifactKey: Guid(7398d813bd3cfdf41bde44abd6d26e09) Importer(815301076,1909f56bfc062723c751e8b465ee728b)
Start importing Assets/NatureManufacture Assets/Winter Background Mountains/Stamps Unity Terrain 2018.3/NM_Mountain_5.png using Guid(7398d813bd3cfdf41bde44abd6d26e09) Importer(815301076,1909f56bfc062723c751e8b465ee728b)  -> (artifact id: '8f2d32aa398e137293bbfc70f3f06de1') in 0.017825 seconds 
========================================================================
Received Import Request.
  Time since last request: 0.000067 seconds.
  path: Assets/NatureManufacture Assets/Winter Background Mountains/Stamps Unity Terrain 2018.3/NM_Valey_3.png
  artifactKey: Guid(7a5c52ae0e3af9c44aebcb322a27cb12) Importer(815301076,1909f56bfc062723c751e8b465ee728b)
Start importing Assets/NatureManufacture Assets/Winter Background Mountains/Stamps Unity Terrain 2018.3/NM_Valey_3.png using Guid(7a5c52ae0e3af9c44aebcb322a27cb12) Importer(815301076,1909f56bfc062723c751e8b465ee728b)  -> (artifact id: 'a86438952a2ca26bb190078fa67501b6') in 0.018579 seconds 
========================================================================
Received Import Request.
  Time since last request: 0.000044 seconds.
  path: Assets/NatureManufacture Assets/Winter Background Mountains/Stamps Unity Terrain 2018.3/NM_Hill_4.png
  artifactKey: Guid(f855d4cd01f04a04ab48a332f068414a) Importer(815301076,1909f56bfc062723c751e8b465ee728b)
Start importing Assets/NatureManufacture Assets/Winter Background Mountains/Stamps Unity Terrain 2018.3/NM_Hill_4.png using Guid(f855d4cd01f04a04ab48a332f068414a) Importer(815301076,1909f56bfc062723c751e8b465ee728b)  -> (artifact id: 'ea5d4b5556e5d8da754704a8176f42cd') in 0.016659 seconds 
========================================================================
Received Import Request.
  Time since last request: 0.000062 seconds.
  path: Assets/NatureManufacture Assets/Winter Background Mountains/Stamps Unity Terrain 2018.3/NM_Mountain_1.png
  artifactKey: Guid(ef5260eb6be799848a09ffa008a3e0e8) Importer(815301076,1909f56bfc062723c751e8b465ee728b)
Start importing Assets/NatureManufacture Assets/Winter Background Mountains/Stamps Unity Terrain 2018.3/NM_Mountain_1.png using Guid(ef5260eb6be799848a09ffa008a3e0e8) Importer(815301076,1909f56bfc062723c751e8b465ee728b)  -> (artifact id: '22b0fad0ac5852f2a0bb9af6c1a24a58') in 0.018604 seconds 
========================================================================
Received Import Request.
  Time since last request: 0.000050 seconds.
  path: Assets/NatureManufacture Assets/Winter Background Mountains/Stamps Unity Terrain 2018.3/NM_Hill_3.png
  artifactKey: Guid(6fa796be25ab4894dbc174e2464c4fad) Importer(815301076,1909f56bfc062723c751e8b465ee728b)
Start importing Assets/NatureManufacture Assets/Winter Background Mountains/Stamps Unity Terrain 2018.3/NM_Hill_3.png using Guid(6fa796be25ab4894dbc174e2464c4fad) Importer(815301076,1909f56bfc062723c751e8b465ee728b)  -> (artifact id: 'b6ffae6fff35d92fdc7cccd5c5c3c1f0') in 0.020070 seconds 
========================================================================
Received Import Request.
  Time since last request: 0.000125 seconds.
  path: Assets/NatureManufacture Assets/Winter Background Mountains/Stamps Unity Terrain 2018.3/NM_Hill_6.png
  artifactKey: Guid(ce68418ccc7627641819bb2a0f55b71b) Importer(815301076,1909f56bfc062723c751e8b465ee728b)
Start importing Assets/NatureManufacture Assets/Winter Background Mountains/Stamps Unity Terrain 2018.3/NM_Hill_6.png using Guid(ce68418ccc7627641819bb2a0f55b71b) Importer(815301076,1909f56bfc062723c751e8b465ee728b)  -> (artifact id: 'e257ec8b10857a9245642ff523db1c0e') in 0.017539 seconds 
========================================================================
Received Import Request.
  Time since last request: 0.000069 seconds.
  path: Assets/NatureManufacture Assets/Winter Background Mountains/Stamps Unity Terrain 2018.3/NM_Mountain_6.png
  artifactKey: Guid(eedc9cb933d29b8438eafa106baddc7c) Importer(815301076,1909f56bfc062723c751e8b465ee728b)
Start importing Assets/NatureManufacture Assets/Winter Background Mountains/Stamps Unity Terrain 2018.3/NM_Mountain_6.png using Guid(eedc9cb933d29b8438eafa106baddc7c) Importer(815301076,1909f56bfc062723c751e8b465ee728b)  -> (artifact id: '44bdc2cec2ce1a29f881b86f828737ce') in 0.016419 seconds 
========================================================================
Received Import Request.
  Time since last request: 0.000064 seconds.
  path: Assets/NatureManufacture Assets/Winter Background Mountains/Stamps Unity Terrain 2018.3/NM_Hill_9.png
  artifactKey: Guid(8e57711405055f44386825ebb41b82b0) Importer(815301076,1909f56bfc062723c751e8b465ee728b)
Start importing Assets/NatureManufacture Assets/Winter Background Mountains/Stamps Unity Terrain 2018.3/NM_Hill_9.png using Guid(8e57711405055f44386825ebb41b82b0) Importer(815301076,1909f56bfc062723c751e8b465ee728b)  -> (artifact id: '1393ae8394c90a0677a1c7c6b4791752') in 0.016966 seconds 
========================================================================
Received Import Request.
  Time since last request: 0.000043 seconds.
  path: Assets/NatureManufacture Assets/Winter Background Mountains/Stamps Unity Terrain 2018.3/NM_Valey_1.png
  artifactKey: Guid(3be965ba857ba874fa8b2ffdab22296e) Importer(815301076,1909f56bfc062723c751e8b465ee728b)
Start importing Assets/NatureManufacture Assets/Winter Background Mountains/Stamps Unity Terrain 2018.3/NM_Valey_1.png using Guid(3be965ba857ba874fa8b2ffdab22296e) Importer(815301076,1909f56bfc062723c751e8b465ee728b)  -> (artifact id: '7a7505fb985770a6a3131117f5e648e4') in 0.019947 seconds 
========================================================================
Received Import Request.
  Time since last request: 2.265742 seconds.
  path: Assets/NatureManufacture Assets/Winter Background Mountains/Prefabs
  artifactKey: Guid(15f769c8551499543a3e4d4add0d0141) Importer(815301076,1909f56bfc062723c751e8b465ee728b)
Start importing Assets/NatureManufacture Assets/Winter Background Mountains/Prefabs using Guid(15f769c8551499543a3e4d4add0d0141) Importer(815301076,1909f56bfc062723c751e8b465ee728b)  -> (artifact id: 'a4b71d1800e65721835c58ce06867a35') in 0.002488 seconds 
========================================================================
Received Import Request.
  Time since last request: 0.018230 seconds.
  path: Assets/NatureManufacture Assets/Winter Background Mountains/Prefabs/Prefab_Mountain_2.prefab
  artifactKey: Guid(01dd7a58c63283449b8d845a452090e8) Importer(815301076,1909f56bfc062723c751e8b465ee728b)
Start importing Assets/NatureManufacture Assets/Winter Background Mountains/Prefabs/Prefab_Mountain_2.prefab using Guid(01dd7a58c63283449b8d845a452090e8) Importer(815301076,1909f56bfc062723c751e8b465ee728b)  -> (artifact id: 'a6614083d7e0913e546ebb2425d8101c') in 0.579778 seconds 
========================================================================
Received Import Request.
  Time since last request: 0.000054 seconds.
  path: Assets/NatureManufacture Assets/Winter Background Mountains/Prefabs/Prefab_Mountain_22.prefab
  artifactKey: Guid(51124bb250d8f2d4eb16bc165c55409e) Importer(815301076,1909f56bfc062723c751e8b465ee728b)
Start importing Assets/NatureManufacture Assets/Winter Background Mountains/Prefabs/Prefab_Mountain_22.prefab using Guid(51124bb250d8f2d4eb16bc165c55409e) Importer(815301076,1909f56bfc062723c751e8b465ee728b)  -> (artifact id: 'a76233e8ed43adc187ddcc71318548d8') in 0.055439 seconds 
========================================================================
Received Import Request.
  Time since last request: 0.000106 seconds.
  path: Assets/NatureManufacture Assets/Winter Background Mountains/Prefabs/Prefab_Mountain_23.prefab
  artifactKey: Guid(90f6cb45efc979145bfe6b410430f5a3) Importer(815301076,1909f56bfc062723c751e8b465ee728b)
Start importing Assets/NatureManufacture Assets/Winter Background Mountains/Prefabs/Prefab_Mountain_23.prefab using Guid(90f6cb45efc979145bfe6b410430f5a3) Importer(815301076,1909f56bfc062723c751e8b465ee728b)  -> (artifact id: '09fab44bff11bdcbe766f9fa99e82b2a') in 0.046647 seconds 
Editor requested this worker to shutdown with reason: Scaling down because of idle timeout
AssetImportWorker is now disconnected from the server
Process exiting
Exiting without the bug reporter. Application will terminate with return code 0